----------------------------------------------------------------
Thu Feb 04 17:45:24 IST 2021:
Booting Derby version The Apache Software Foundation - Apache Derby - 10.14.2.0 - (1828579): instance a816c00e-0177-6cf7-ee24-000001f671f0 
on database directory memory:C:\Users\Hariom\Documents\workspace-spring-tool-suite-4-4.9.0.RELEASE\SpringBootJPADerby\c9e702ff-1491-4712-b57b-c4458e6a9814 with class loader jdk.internal.loader.ClassLoaders$AppClassLoader@3764951d 
Loaded from file:/C:/Users/Hariom/.m2/repository/org/apache/derby/derby/10.14.2.0/derby-10.14.2.0.jar
java.vendor=Oracle Corporation
java.runtime.version=15.0.1+9-18
user.dir=C:\Users\Hariom\Documents\workspace-spring-tool-suite-4-4.9.0.RELEASE\SpringBootJPADerby
os.name=Windows 10
os.arch=amd64
os.version=10.0
derby.system.home=null
Database Class Loader started - derby.database.classpath=''
----------------------------------------------------------------
Thu Feb 04 17:55:01 IST 2021:
Shutting down instance a816c00e-0177-6cf7-ee24-000001f671f0 on database directory memory:C:\Users\Hariom\Documents\workspace-spring-tool-suite-4-4.9.0.RELEASE\SpringBootJPADerby\c9e702ff-1491-4712-b57b-c4458e6a9814 with class loader jdk.internal.loader.ClassLoaders$AppClassLoader@3764951d 
----------------------------------------------------------------
Thu Feb 04 17:55:03 IST 2021:
Booting Derby version The Apache Software Foundation - Apache Derby - 10.14.2.0 - (1828579): instance 292a80bc-0177-6cf7-ee24-000001f671f0 
on database directory memory:C:\Users\Hariom\Documents\workspace-spring-tool-suite-4-4.9.0.RELEASE\SpringBootJPADerby\35cdecdf-63e5-462b-94d6-357e75e2cff5 with class loader jdk.internal.loader.ClassLoaders$AppClassLoader@3764951d 
Loaded from file:/C:/Users/Hariom/.m2/repository/org/apache/derby/derby/10.14.2.0/derby-10.14.2.0.jar
java.vendor=Oracle Corporation
java.runtime.version=15.0.1+9-18
user.dir=C:\Users\Hariom\Documents\workspace-spring-tool-suite-4-4.9.0.RELEASE\SpringBootJPADerby
os.name=Windows 10
os.arch=amd64
os.version=10.0
derby.system.home=null
Database Class Loader started - derby.database.classpath=''
----------------------------------------------------------------
Thu Feb 04 17:56:57 IST 2021:
Shutting down instance 292a80bc-0177-6cf7-ee24-000001f671f0 on database directory memory:C:\Users\Hariom\Documents\workspace-spring-tool-suite-4-4.9.0.RELEASE\SpringBootJPADerby\35cdecdf-63e5-462b-94d6-357e75e2cff5 with class loader jdk.internal.loader.ClassLoaders$AppClassLoader@3764951d 
----------------------------------------------------------------
Thu Feb 04 17:56:58 IST 2021:
Booting Derby version The Apache Software Foundation - Apache Derby - 10.14.2.0 - (1828579): instance 87cf416a-0177-6cf7-ee24-000001f671f0 
on database directory memory:C:\Users\Hariom\Documents\workspace-spring-tool-suite-4-4.9.0.RELEASE\SpringBootJPADerby\39addc7c-80e9-4de7-b671-73ebcb1eda7f with class loader jdk.internal.loader.ClassLoaders$AppClassLoader@3764951d 
Loaded from file:/C:/Users/Hariom/.m2/repository/org/apache/derby/derby/10.14.2.0/derby-10.14.2.0.jar
java.vendor=Oracle Corporation
java.runtime.version=15.0.1+9-18
user.dir=C:\Users\Hariom\Documents\workspace-spring-tool-suite-4-4.9.0.RELEASE\SpringBootJPADerby
os.name=Windows 10
os.arch=amd64
os.version=10.0
derby.system.home=null
Database Class Loader started - derby.database.classpath=''
----------------------------------------------------------------
Thu Feb 04 17:58:25 IST 2021:
Shutting down instance 87cf416a-0177-6cf7-ee24-000001f671f0 on database directory memory:C:\Users\Hariom\Documents\workspace-spring-tool-suite-4-4.9.0.RELEASE\SpringBootJPADerby\39addc7c-80e9-4de7-b671-73ebcb1eda7f with class loader jdk.internal.loader.ClassLoaders$AppClassLoader@3764951d 
----------------------------------------------------------------
Thu Feb 04 17:58:26 IST 2021:
Booting Derby version The Apache Software Foundation - Apache Derby - 10.14.2.0 - (1828579): instance 44050218-0177-6cf7-ee24-000001f671f0 
on database directory memory:C:\Users\Hariom\Documents\workspace-spring-tool-suite-4-4.9.0.RELEASE\SpringBootJPADerby\37affca2-74c3-4577-87bd-659c38c9403c with class loader jdk.internal.loader.ClassLoaders$AppClassLoader@3764951d 
Loaded from file:/C:/Users/Hariom/.m2/repository/org/apache/derby/derby/10.14.2.0/derby-10.14.2.0.jar
java.vendor=Oracle Corporation
java.runtime.version=15.0.1+9-18
user.dir=C:\Users\Hariom\Documents\workspace-spring-tool-suite-4-4.9.0.RELEASE\SpringBootJPADerby
os.name=Windows 10
os.arch=amd64
os.version=10.0
derby.system.home=null
Database Class Loader started - derby.database.classpath=''
